<?xml version="1.0" encoding="UTF-8"?>
<!-- Generated by org.testng.reporters.JUnitXMLReporter -->
<testsuite hostname="DESKTOP-NH7DCM2" ignored="0" name="Default test" tests="3" failures="0" timestamp="09 Mar 2019 16:39:36 GMT" time="0.099" errors="0">
  <testcase name="g" time="0.026" classname="jenkins.demo.maven.NewTest"/>
  <testcase name="e" time="0.003" classname="jenkins.demo.maven.NewTest"/>
  <testcase name="f" time="0.003" classname="jenkins.demo.maven.NewTest"/>
</testsuite> <!-- Default test -->
