<?xml version="1.0" encoding="UTF-8"?>
<testng-results skipped="0" failed="0" ignored="0" total="3" passed="3">
  <reporter-output>
  </reporter-output>
  <suite name="Default suite" duration-ms="99" started-at="2019-03-09T16:39:36Z" finished-at="2019-03-09T16:39:36Z">
    <groups>
    </groups>
    <test name="Default test" duration-ms="99" started-at="2019-03-09T16:39:36Z" finished-at="2019-03-09T16:39:36Z">
      <class name="jenkins.demo.maven.NewTest">
        <test-method status="PASS" signature="g()[pri:0, instance:jenkins.demo.maven.NewTest@36d4b5c]" name="g" duration-ms="26" started-at="2019-03-09T22:09:36Z" finished-at="2019-03-09T22:09:36Z">
          <reporter-output>
          </reporter-output>
        </test-method> <!-- g -->
        <test-method status="PASS" signature="e()[pri:0, instance:jenkins.demo.maven.NewTest@36d4b5c]" name="e" duration-ms="3" started-at="2019-03-09T22:09:36Z" finished-at="2019-03-09T22:09:36Z">
          <reporter-output>
          </reporter-output>
        </test-method> <!-- e -->
        <test-method status="PASS" signature="f()[pri:0, instance:jenkins.demo.maven.NewTest@36d4b5c]" name="f" duration-ms="3" started-at="2019-03-09T22:09:36Z" depends-on-methods="jenkins.demo.maven.NewTest.g" finished-at="2019-03-09T22:09:36Z">
          <reporter-output>
          </reporter-output>
        </test-method> <!-- f -->
      </class> <!-- jenkins.demo.maven.NewTest -->
    </test> <!-- Default test -->
  </suite> <!-- Default suite -->
</testng-results>
